/home/runner/work/pyxu-org.github.io/pyxu-org.github.io/pyxu/doc/fair/plugins_preview/index.rst:1118: WARNING: toctree contains reference to nonexisting document 'fair/plugins_preview/TokemakRec'
/home/runner/work/pyxu-org.github.io/pyxu-org.github.io/pyxu/doc/fair/score.rst:29: WARNING: Bullet list ends without a blank line; unexpected unindent.
/home/runner/work/pyxu-org.github.io/pyxu-org.github.io/pyxu/doc/examples/xray.ipynb:11: WARNING: File not found: 'intro/tomo.html'
/home/runner/work/pyxu-org.github.io/pyxu-org.github.io/pyxu/doc/fair/howto.rst:2: WARNING: Duplicate explicit target name: "catalogue website".
/home/runner/work/pyxu-org.github.io/pyxu-org.github.io/pyxu/doc/fair/howto.rst:33: WARNING: invalid syntax (<unknown>, line 2) in document 'fair/howto'
Parsed source in `python` block:
concatenations: from pyxu.opt.solver import GradientDescent
block source:   ModuleNotFoundError: No module named 'pyxu.opt.solver.GradientDescent'
/home/runner/work/pyxu-org.github.io/pyxu-org.github.io/pyxu/doc/fair/plugins/index.rst:232: ERROR: Content block expected for the "grid" directive; none found.
/home/runner/work/pyxu-org.github.io/pyxu-org.github.io/pyxu/doc/intro/tomo.ipynb:292: WARNING: File not found: 'api/abc.html#pyxu.abc.Operator.expr'
/home/runner/work/pyxu-org.github.io/pyxu-org.github.io/pyxu/doc/intro/tomo.ipynb:459: WARNING: File not found: 'api/abc.html#pyxu.abc.LinOp.pinv'
/home/runner/work/pyxu-org.github.io/pyxu-org.github.io/pyxu/doc/intro/tomo.ipynb:459: WARNING: File not found: 'api/abc.html#pyxu.abc.LinOp'
/home/runner/work/pyxu-org.github.io/pyxu-org.github.io/pyxu/doc/intro/tomo.ipynb:689: WARNING: File not found: 'api/operator/linop.html#pyxu.operator.Gradient'
/home/runner/work/pyxu-org.github.io/pyxu-org.github.io/pyxu/doc/intro/tomo.ipynb:691: WARNING: File not found: 'api/abc.html#pyxu.abc.ProxFunc.moreau_envelope'
/home/runner/work/pyxu-org.github.io/pyxu-org.github.io/pyxu/doc/intro/tomo.ipynb:700: WARNING: File not found: 'api/operator/func.html#pyxu.operator.PositiveL1Norm'
/home/runner/work/pyxu-org.github.io/pyxu-org.github.io/pyxu/doc/intro/tomo.ipynb:709: WARNING: File not found: 'api/operator/func.html#pyxu.operator.SquaredL2Norm'
/home/runner/work/pyxu-org.github.io/pyxu-org.github.io/pyxu/doc/intro/tomo.ipynb:710: WARNING: File not found: 'api/abc.html#pyxu.abc.Operator.argshift'
/home/runner/work/pyxu-org.github.io/pyxu-org.github.io/pyxu/doc/intro/tomo.ipynb:722: WARNING: File not found: 'api/abc.html#pyxu.abc.DiffMap.estimate_diff_lipschitz'
/home/runner/work/pyxu-org.github.io/pyxu-org.github.io/pyxu/doc/intro/tomo.ipynb:946: WARNING: File not found: 'api/abc.html#pyxu.abc.ProxDiffFunc'
/opt/hostedtoolcache/Python/3.12.9/x64/lib/python3.12/site-packages/pyxu/opt/solver/pds.py:docstring of pyxu.opt.solver.pds.ADMM:152: WARNING: Exception occurred in plotting opt-solver-3
 from /home/runner/work/pyxu-org.github.io/pyxu-org.github.io/pyxu/doc/api/opt.solver.rst:
Traceback (most recent call last):
  File "/opt/hostedtoolcache/Python/3.12.9/x64/lib/python3.12/site-packages/matplotlib/sphinxext/plot_directive.py", line 552, in _run_code
    exec(code, ns)
  File "<string>", line 29, in <module>
TypeError: SquaredL2Norm.__init__() got an unexpected keyword argument 'dim'
/home/runner/work/pyxu-org.github.io/pyxu-org.github.io/pyxu/doc/examples/contributing.ipynb:42: WARNING: invalid syntax (<unknown>, line 5) in document 'examples/contributing'
Parsed source in `python` block:
concatenations: try:
    from pyxu.opt.solver import GradientDescent
except ImportError as e:
    print(e)
block source:   !pip install pyxu-gradient-descent
/home/runner/work/pyxu-org.github.io/pyxu-org.github.io/pyxu/doc/examples/deblur.ipynb:278: WARNING: File not found: 'api/opt.solver.html#pyxu.opt.solver.PD3O'
/home/runner/work/pyxu-org.github.io/pyxu-org.github.io/pyxu/doc/guide/algebra.ipynb:32: WARNING: File not found: 'api/abc.html#pyxu.abc.Map.apply'
/home/runner/work/pyxu-org.github.io/pyxu-org.github.io/pyxu/doc/guide/algebra.ipynb:32: WARNING: File not found: 'api/abc.html#pyxu.abc.DiffMap.jacobian'
/home/runner/work/pyxu-org.github.io/pyxu-org.github.io/pyxu/doc/guide/algebra.ipynb:32: WARNING: File not found: 'api/abc.html#pyxu.abc.DiffFunc.grad'
/home/runner/work/pyxu-org.github.io/pyxu-org.github.io/pyxu/doc/guide/algebra.ipynb:32: WARNING: File not found: 'api/abc.html#pyxu.abc.ProxFunc.prox'
/home/runner/work/pyxu-org.github.io/pyxu-org.github.io/pyxu/doc/guide/algebra.ipynb:32: WARNING: File not found: 'api/abc.html#pyxu.abc.LinOp.adjoint'
/home/runner/work/pyxu-org.github.io/pyxu-org.github.io/pyxu/doc/guide/algebra.ipynb:38: WARNING: File not found: 'api/abc.html#pyxu-abc-arithmetic'
/home/runner/work/pyxu-org.github.io/pyxu-org.github.io/pyxu/doc/guide/algebra.ipynb:40: WARNING: File not found: 'api/abc.html#pyxu.abc.arithmetic.Rule'
/home/runner/work/pyxu-org.github.io/pyxu-org.github.io/pyxu/doc/guide/algebra.ipynb:41: WARNING: File not found: 'api/abc.html#pyxu.abc.arithmetic.ScaleRule'
/home/runner/work/pyxu-org.github.io/pyxu-org.github.io/pyxu/doc/guide/algebra.ipynb:42: WARNING: File not found: 'api/abc.html#pyxu.abc.arithmetic.ArgScaleRule'
/home/runner/work/pyxu-org.github.io/pyxu-org.github.io/pyxu/doc/guide/algebra.ipynb:43: WARNING: File not found: 'api/abc.html#pyxu.abc.arithmetic.ArgShiftRule'
/home/runner/work/pyxu-org.github.io/pyxu-org.github.io/pyxu/doc/guide/algebra.ipynb:44: WARNING: File not found: 'api/abc.html#pyxu.abc.arithmetic.AddRule'
/home/runner/work/pyxu-org.github.io/pyxu-org.github.io/pyxu/doc/guide/algebra.ipynb:45: WARNING: File not found: 'api/abc.html#pyxu.abc.arithmetic.ChainRule'
/home/runner/work/pyxu-org.github.io/pyxu-org.github.io/pyxu/doc/guide/algebra.ipynb:46: WARNING: File not found: 'api/abc.html#pyxu.abc.arithmetic.TransposeRule'
/home/runner/work/pyxu-org.github.io/pyxu-org.github.io/pyxu/doc/guide/algebra.ipynb:48: WARNING: File not found: 'api/abc.html#pyxu.abc.DiffFunc'
/home/runner/work/pyxu-org.github.io/pyxu-org.github.io/pyxu/doc/guide/algebra.ipynb:48: WARNING: File not found: 'api/abc.html#pyxu.abc.DiffMap'
/home/runner/work/pyxu-org.github.io/pyxu-org.github.io/pyxu/doc/guide/algebra.ipynb:57: WARNING: File not found: 'api/operator/blocks.html#pyxu.operator.block_diag'
/home/runner/work/pyxu-org.github.io/pyxu-org.github.io/pyxu/doc/guide/algebra.ipynb:57: WARNING: File not found: 'api/operator/blocks.html#pyxu.operator.stack'
/home/runner/work/pyxu-org.github.io/pyxu-org.github.io/pyxu/doc/guide/algorithms.ipynb:17: WARNING: File not found: 'api/opt.solver.html#pyxu.opt.solver.CG'
/home/runner/work/pyxu-org.github.io/pyxu-org.github.io/pyxu/doc/guide/algorithms.ipynb:29: WARNING: File not found: 'api/opt.solver.html#pyxu.opt.solver.PGD'
/home/runner/work/pyxu-org.github.io/pyxu-org.github.io/pyxu/doc/guide/algorithms.ipynb:58: WARNING: File not found: 'api/opt.solver.html#pyxu.opt.solver.CondatVu'
/home/runner/work/pyxu-org.github.io/pyxu-org.github.io/pyxu/doc/guide/algorithms.ipynb:58: WARNING: File not found: 'api/opt.solver.html#pyxu.opt.solver.PD3O'
/home/runner/work/pyxu-org.github.io/pyxu-org.github.io/pyxu/doc/guide/algorithms.ipynb:58: WARNING: File not found: 'api/opt.solver.html#pyxu.opt.solver.ADMM'
/home/runner/work/pyxu-org.github.io/pyxu-org.github.io/pyxu/doc/guide/algorithms.ipynb:58: WARNING: File not found: 'api/opt.solver.html#pyxu.opt.solver.ChambollePock'
/home/runner/work/pyxu-org.github.io/pyxu-org.github.io/pyxu/doc/guide/algorithms.ipynb:97: WARNING: File not found: 'api/opt.solver.html#pyxu.opt.solver.DouglasRachford'
/home/runner/work/pyxu-org.github.io/pyxu-org.github.io/pyxu/doc/guide/algorithms.ipynb:99: WARNING: File not found: 'api/opt.solver.html#pyxu.opt.solver.Adam'
/home/runner/work/pyxu-org.github.io/pyxu-org.github.io/pyxu/doc/guide/algorithms.ipynb:151: WARNING: File not found: 'api/opt.stop.html'
/home/runner/work/pyxu-org.github.io/pyxu-org.github.io/pyxu/doc/guide/algorithms.ipynb:168: WARNING: File not found: 'api/abc.html#pyxu.abc.Solver'
/home/runner/work/pyxu-org.github.io/pyxu-org.github.io/pyxu/doc/guide/algorithms.ipynb:168: WARNING: File not found: 'api/abc.html#pyxu.abc.Solver.m_init'
/home/runner/work/pyxu-org.github.io/pyxu-org.github.io/pyxu/doc/guide/algorithms.ipynb:168: WARNING: File not found: 'api/abc.html#pyxu.abc.Solver.m_step'
/home/runner/work/pyxu-org.github.io/pyxu-org.github.io/pyxu/doc/guide/algorithms.ipynb:172: WARNING: File not found: 'api/abc.html#pyxu.abc.Solver.fit'
/home/runner/work/pyxu-org.github.io/pyxu-org.github.io/pyxu/doc/guide/bayes.ipynb:47: WARNING: File not found: 'guide/fwdops.html'
/home/runner/work/pyxu-org.github.io/pyxu-org.github.io/pyxu/doc/guide/bayes.ipynb:62: WARNING: File not found: 'guide/funcs.html'
/home/runner/work/pyxu-org.github.io/pyxu-org.github.io/pyxu/doc/guide/bayes.ipynb:92: WARNING: File not found: 'guide/funcs.html'
/home/runner/work/pyxu-org.github.io/pyxu-org.github.io/pyxu/doc/guide/diff_ops.ipynb:11: WARNING: File not found: 'api/operator/linop.html#derivatives'
/home/runner/work/pyxu-org.github.io/pyxu-org.github.io/pyxu/doc/guide/diff_ops.ipynb:18: WARNING: File not found: 'api/operator/linop.html#pyxu.operator.PartialDerivative'
/home/runner/work/pyxu-org.github.io/pyxu-org.github.io/pyxu/doc/guide/diff_ops.ipynb:501: WARNING: File not found: 'api/operator/linop.html#pyxu.operator.Gradient'
/home/runner/work/pyxu-org.github.io/pyxu-org.github.io/pyxu/doc/guide/diff_ops.ipynb:511: WARNING: File not found: 'api/operator/linop.html#pyxu.operator.Hessian'
/home/runner/work/pyxu-org.github.io/pyxu-org.github.io/pyxu/doc/guide/funcs.ipynb:142: WARNING: Title underline too short.

Implicit Functionals: The Undercover Agents 🕵️‍♀️
~~~~~~~~~~~~~~~~~~~~~~~~~~~~~~~~~~~~~~~~~~~~~~
/home/runner/work/pyxu-org.github.io/pyxu-org.github.io/pyxu/doc/guide/funcs.ipynb:142: WARNING: Title underline too short.

Implicit Functionals: The Undercover Agents 🕵️‍♀️
~~~~~~~~~~~~~~~~~~~~~~~~~~~~~~~~~~~~~~~~~~~~~~
/home/runner/work/pyxu-org.github.io/pyxu-org.github.io/pyxu/doc/guide/funcs.ipynb:27: WARNING: File not found: 'api/operator.interop.html#pyxu.operator.interop.from_source'
/home/runner/work/pyxu-org.github.io/pyxu-org.github.io/pyxu/doc/guide/funcs.ipynb:27: WARNING: File not found: 'api/abc.html#pyxu.abc.Map.apply'
/home/runner/work/pyxu-org.github.io/pyxu-org.github.io/pyxu/doc/guide/funcs.ipynb:27: WARNING: File not found: 'api/abc.html#pyxu.abc.DiffFunc.grad'
/home/runner/work/pyxu-org.github.io/pyxu-org.github.io/pyxu/doc/guide/funcs.ipynb:27: WARNING: File not found: 'api/abc.html#pyxu.abc.ProxFunc.prox'
/home/runner/work/pyxu-org.github.io/pyxu-org.github.io/pyxu/doc/guide/funcs.ipynb:29: WARNING: File not found: 'api/index.html'
/home/runner/work/pyxu-org.github.io/pyxu-org.github.io/pyxu/doc/guide/funcs.ipynb:34: WARNING: File not found: 'api/abc.html#pyxu.abc.Func'
/home/runner/work/pyxu-org.github.io/pyxu-org.github.io/pyxu/doc/guide/funcs.ipynb:34: WARNING: File not found: 'api/abc.html#pyxu.abc.Map.apply'
/home/runner/work/pyxu-org.github.io/pyxu-org.github.io/pyxu/doc/guide/funcs.ipynb:53: WARNING: File not found: 'api/abc.html#pyxu.abc.Operator.argshift'
/home/runner/work/pyxu-org.github.io/pyxu-org.github.io/pyxu/doc/guide/funcs.ipynb:66: WARNING: File not found: 'api/abc.html#pyxu.abc.DiffFunc'
/home/runner/work/pyxu-org.github.io/pyxu-org.github.io/pyxu/doc/guide/funcs.ipynb:66: WARNING: File not found: 'api/abc.html#pyxu.abc.DiffFunc.grad'
/home/runner/work/pyxu-org.github.io/pyxu-org.github.io/pyxu/doc/guide/funcs.ipynb:85: WARNING: File not found: 'api/operator.interop.html#pyxu.operator.interop.from_torch'
/home/runner/work/pyxu-org.github.io/pyxu-org.github.io/pyxu/doc/guide/funcs.ipynb:85: WARNING: File not found: 'api/operator.interop.html#pyxu.operator.interop.from_jax'
/home/runner/work/pyxu-org.github.io/pyxu-org.github.io/pyxu/doc/guide/funcs.ipynb:90: WARNING: File not found: 'api/abc.html#pyxu.abc.ProxFunc'
/home/runner/work/pyxu-org.github.io/pyxu-org.github.io/pyxu/doc/guide/funcs.ipynb:90: WARNING: File not found: 'api/abc.html#pyxu.abc.ProxFunc.prox'
/home/runner/work/pyxu-org.github.io/pyxu-org.github.io/pyxu/doc/guide/funcs.ipynb:110: WARNING: File not found: 'api/abc.html#pyxu.abc.ProxFunc.moreau_envelope'
/home/runner/work/pyxu-org.github.io/pyxu-org.github.io/pyxu/doc/guide/funcs.ipynb:137: WARNING: File not found: 'api/abc.html#pyxu.abc.ProxDiffFunc'
/home/runner/work/pyxu-org.github.io/pyxu-org.github.io/pyxu/doc/guide/funcs.ipynb:137: WARNING: File not found: 'api/abc.html#pyxu.abc.LinFunc'
/home/runner/work/pyxu-org.github.io/pyxu-org.github.io/pyxu/doc/guide/funcs.ipynb:137: WARNING: File not found: 'api/abc.html#pyxu.abc.QuadraticFunc'
/home/runner/work/pyxu-org.github.io/pyxu-org.github.io/pyxu/doc/guide/fwdops.ipynb:11: WARNING: File not found: 'api/abc.html#pyxu.abc.LinOp'
/home/runner/work/pyxu-org.github.io/pyxu-org.github.io/pyxu/doc/guide/fwdops.ipynb:17: WARNING: File not found: 'api/operator.interop.html#general'
/home/runner/work/pyxu-org.github.io/pyxu-org.github.io/pyxu/doc/guide/fwdops.ipynb:17: WARNING: File not found: 'api/abc.html#pyxu.abc.Map.apply'
/home/runner/work/pyxu-org.github.io/pyxu-org.github.io/pyxu/doc/guide/fwdops.ipynb:17: WARNING: File not found: 'api/abc.html#pyxu.abc.LinOp.adjoint'
/home/runner/work/pyxu-org.github.io/pyxu-org.github.io/pyxu/doc/guide/fwdops.ipynb:17: WARNING: File not found: 'api/abc.html#pyxu.abc.DiffMap.jacobian'
/home/runner/work/pyxu-org.github.io/pyxu-org.github.io/pyxu/doc/guide/fwdops.ipynb:19: WARNING: File not found: 'api/index.html'
/home/runner/work/pyxu-org.github.io/pyxu-org.github.io/pyxu/doc/guide/fwdops.ipynb:46: WARNING: File not found: 'api/abc.html#pyxu.abc.LinOp'
/home/runner/work/pyxu-org.github.io/pyxu-org.github.io/pyxu/doc/guide/fwdops.ipynb:46: WARNING: File not found: 'api/abc.html#pyxu.abc.Map.apply'
/home/runner/work/pyxu-org.github.io/pyxu-org.github.io/pyxu/doc/guide/fwdops.ipynb:46: WARNING: File not found: 'api/abc.html#pyxu.abc.LinOp.adjoint'
/home/runner/work/pyxu-org.github.io/pyxu-org.github.io/pyxu/doc/guide/fwdops.ipynb:55: WARNING: File not found: 'api/abc.html#pyxu.abc.Map.apply'
/home/runner/work/pyxu-org.github.io/pyxu-org.github.io/pyxu/doc/guide/fwdops.ipynb:66: WARNING: File not found: 'api/abc.html#pyxu.abc.LinOp.adjoint'
/home/runner/work/pyxu-org.github.io/pyxu-org.github.io/pyxu/doc/guide/fwdops.ipynb:100: WARNING: File not found: 'api/abc.html#pyxu.abc.LinOp'
/home/runner/work/pyxu-org.github.io/pyxu-org.github.io/pyxu/doc/guide/fwdops.ipynb:102: WARNING: File not found: 'api/abc.html#pyxu.abc.Map.lipschitz'
/home/runner/work/pyxu-org.github.io/pyxu-org.github.io/pyxu/doc/guide/fwdops.ipynb:102: WARNING: File not found: 'api/abc.html#pyxu.abc.Map.estimate_lipschitz'
/home/runner/work/pyxu-org.github.io/pyxu-org.github.io/pyxu/doc/guide/fwdops.ipynb:108: WARNING: File not found: 'api/abc.html#pyxu.abc.LinOp.svdvals'
/home/runner/work/pyxu-org.github.io/pyxu-org.github.io/pyxu/doc/guide/fwdops.ipynb:110: WARNING: File not found: 'api/abc.html#pyxu.abc.SquareOp.trace'
/home/runner/work/pyxu-org.github.io/pyxu-org.github.io/pyxu/doc/guide/fwdops.ipynb:112: WARNING: File not found: 'api/abc.html#pyxu.abc.LinOp.pinv'
/home/runner/work/pyxu-org.github.io/pyxu-org.github.io/pyxu/doc/guide/fwdops.ipynb:118: WARNING: File not found: 'api/abc.html#pyxu.abc.LinOp'
/home/runner/work/pyxu-org.github.io/pyxu-org.github.io/pyxu/doc/guide/fwdops.ipynb:118: WARNING: File not found: 'api/abc.html#pyxu.abc.LinOp.from_array'
/home/runner/work/pyxu-org.github.io/pyxu-org.github.io/pyxu/doc/guide/fwdops.ipynb:124: WARNING: File not found: 'api/abc.html#pyxu.abc.LinOp'
/home/runner/work/pyxu-org.github.io/pyxu-org.github.io/pyxu/doc/guide/fwdops.ipynb:129: WARNING: File not found: 'api/abc.html#pyxu.abc.DiffMap'
/home/runner/work/pyxu-org.github.io/pyxu-org.github.io/pyxu/doc/guide/fwdops.ipynb:134: WARNING: File not found: 'api/abc.html#pyxu.abc.Map.apply'
/home/runner/work/pyxu-org.github.io/pyxu-org.github.io/pyxu/doc/guide/fwdops.ipynb:134: WARNING: File not found: 'api/abc.html#pyxu.abc.LinOp'
/home/runner/work/pyxu-org.github.io/pyxu-org.github.io/pyxu/doc/guide/fwdops.ipynb:136: WARNING: File not found: 'api/abc.html#pyxu.abc.DiffMap.jacobian'
/home/runner/work/pyxu-org.github.io/pyxu-org.github.io/pyxu/doc/guide/fwdops.ipynb:146: WARNING: File not found: 'api/operator.interop.html#pyxu.operator.interop.from_torch'
/home/runner/work/pyxu-org.github.io/pyxu-org.github.io/pyxu/doc/guide/fwdops.ipynb:146: WARNING: File not found: 'api/operator.interop.html#pyxu.operator.interop.from_jax'
/home/runner/work/pyxu-org.github.io/pyxu-org.github.io/pyxu/doc/guide/fwdops.ipynb:148: WARNING: File not found: 'api/abc.html#pyxu.abc.DiffMap'
/home/runner/work/pyxu-org.github.io/pyxu-org.github.io/pyxu/doc/guide/fwdops.ipynb:153: WARNING: File not found: 'api/abc.html#pyxu.abc.LinOp'
/home/runner/work/pyxu-org.github.io/pyxu-org.github.io/pyxu/doc/guide/fwdops.ipynb:153: WARNING: File not found: 'api/abc.html#pyxu.abc.DiffMap'
/home/runner/work/pyxu-org.github.io/pyxu-org.github.io/pyxu/doc/guide/hpc.ipynb:214: WARNING: File not found: 'api/runtime.html#pyxu.runtime.Precision'
/home/runner/work/pyxu-org.github.io/pyxu-org.github.io/pyxu/doc/guide/lipschitz.ipynb:30: WARNING: File not found: 'api/abc.html#pyxu.abc.Map.lipschitz'
/home/runner/work/pyxu-org.github.io/pyxu-org.github.io/pyxu/doc/guide/lipschitz.ipynb:30: WARNING: File not found: 'api/abc.html#pyxu.abc.DiffMap.diff_lipschitz'
/home/runner/work/pyxu-org.github.io/pyxu-org.github.io/pyxu/doc/guide/lipschitz.ipynb:40: WARNING: File not found: 'api/abc.html#pyxu.abc.Map.estimate_lipschitz'
/home/runner/work/pyxu-org.github.io/pyxu-org.github.io/pyxu/doc/guide/lipschitz.ipynb:51: WARNING: File not found: 'api/abc.html#pyxu.abc.LinOp'
/home/runner/work/pyxu-org.github.io/pyxu-org.github.io/pyxu/doc/guide/lipschitz.ipynb:285: WARNING: File not found: 'api/index.html'
/home/runner/work/pyxu-org.github.io/pyxu-org.github.io/pyxu/doc/guide/lipschitz.ipynb:285: WARNING: File not found: 'api/abc/arithmetic.html'
WARNING: missing attribute to_sciop in object pyxu.abc.LinOp
/opt/hostedtoolcache/Python/3.12.9/x64/lib/python3.12/site-packages/pyxu/abc/operator.py:docstring of pyxu.abc.operator.LinOp.asarray:8: WARNING: Inline emphasis start-string without end-string.
/opt/hostedtoolcache/Python/3.12.9/x64/lib/python3.12/site-packages/pyxu/abc/operator.py:docstring of pyxu.abc.operator.LinOp.asarray:8: WARNING: Inline emphasis start-string without end-string.
/opt/hostedtoolcache/Python/3.12.9/x64/lib/python3.12/site-packages/pyxu/abc/operator.py:docstring of pyxu.abc.operator.LinOp.from_array:3: WARNING: Inline emphasis start-string without end-string.
/opt/hostedtoolcache/Python/3.12.9/x64/lib/python3.12/site-packages/pyxu/abc/operator.py:docstring of pyxu.abc.operator.LinOp.from_array:3: WARNING: Inline emphasis start-string without end-string.
/opt/hostedtoolcache/Python/3.12.9/x64/lib/python3.12/site-packages/pyxu/operator/interop/torch.py:docstring of pyxu.operator.interop.torch.from_torch:29: WARNING: Inline interpreted text or phrase reference start-string without end-string.
WARNING: missing attribute relative_indices in object pyxu.operator.Stencil
/opt/hostedtoolcache/Python/3.12.9/x64/lib/python3.12/site-packages/pyxu/operator/linop/diff.py:docstring of pyxu.operator.linop.diff.Divergence:77: WARNING: Exception occurred in plotting linop-12
 from /home/runner/work/pyxu-org.github.io/pyxu-org.github.io/pyxu/doc/api/operator/linop.rst:
Traceback (most recent call last):
  File "/opt/hostedtoolcache/Python/3.12.9/x64/lib/python3.12/site-packages/matplotlib/sphinxext/plot_directive.py", line 552, in _run_code
    exec(code, ns)
  File "<string>", line 14, in <module>
  File "/opt/hostedtoolcache/Python/3.12.9/x64/lib/python3.12/site-packages/pyxu/abc/operator.py", line 337, in __mul__
    return arithmetic.ChainRule(lhs=self, rhs=other).op()
           ^^^^^^^^^^^^^^^^^^^^^^^^^^^^^^^^^^^^^^^^^
  File "/opt/hostedtoolcache/Python/3.12.9/x64/lib/python3.12/site-packages/pyxu/abc/arithmetic.py", line 991, in __init__
    assert lhs.dim_shape == rhs.codim_shape, "Operator dimensions are not compatible."
           ^^^^^^^^^^^^^^^^^^^^^^^^^^^^^^^^
AssertionError: Operator dimensions are not compatible.
/home/runner/work/pyxu-org.github.io/pyxu-org.github.io/pyxu/doc/examples/GALLERY_HEADER.rst: WARNING: document isn't included in any toctree
/home/runner/work/pyxu-org.github.io/pyxu-org.github.io/pyxu/doc/examples/contributing.ipynb: WARNING: document isn't included in any toctree
/home/runner/work/pyxu-org.github.io/pyxu-org.github.io/pyxu/doc/examples/deblur.ipynb: WARNING: document isn't included in any toctree
/home/runner/work/pyxu-org.github.io/pyxu-org.github.io/pyxu/doc/examples/images/GALLERY_HEADER.rst: WARNING: document isn't included in any toctree
/home/runner/work/pyxu-org.github.io/pyxu-org.github.io/pyxu/doc/examples/stencils.ipynb: WARNING: document isn't included in any toctree
/home/runner/work/pyxu-org.github.io/pyxu-org.github.io/pyxu/doc/examples/xray.ipynb: WARNING: document isn't included in any toctree
/home/runner/work/pyxu-org.github.io/pyxu-org.github.io/pyxu/doc/fair/plugins_preview/TokamakRec.rst: WARNING: document isn't included in any toctree
/home/runner/work/pyxu-org.github.io/pyxu-org.github.io/pyxu/doc/references.rst:5: WARNING: Citation [ProxAlg] is not referenced.
/home/runner/work/pyxu-org.github.io/pyxu-org.github.io/pyxu/doc/references.rst:6: WARNING: Citation [FirstOrd] is not referenced.
/home/runner/work/pyxu-org.github.io/pyxu-org.github.io/pyxu/doc/references.rst:7: WARNING: Citation [OnKerLearn] is not referenced.
/home/runner/work/pyxu-org.github.io/pyxu-org.github.io/pyxu/doc/references.rst:8: WARNING: Citation [ProxSplit] is not referenced.
/home/runner/work/pyxu-org.github.io/pyxu-org.github.io/pyxu/doc/references.rst:19: WARNING: Citation [P2] is not referenced.
/home/runner/work/pyxu-org.github.io/pyxu-org.github.io/pyxu/doc/references.rst:20: WARNING: Citation [GaussProcesses] is not referenced.
/home/runner/work/pyxu-org.github.io/pyxu-org.github.io/pyxu/doc/references.rst:21: WARNING: Citation [SubGauss] is not referenced.
/home/runner/work/pyxu-org.github.io/pyxu-org.github.io/pyxu/doc/references.rst:22: WARNING: Citation [FINUFFT] is not referenced.
/home/runner/work/pyxu-org.github.io/pyxu-org.github.io/pyxu/doc/references.rst:23: WARNING: Citation [cuFINUFFT] is not referenced.
/home/runner/work/pyxu-org.github.io/pyxu-org.github.io/pyxu/doc/references.rst:25: WARNING: Citation [PoCS_Dykstra] is not referenced.
/home/runner/work/pyxu-org.github.io/pyxu-org.github.io/pyxu/doc/references.rst:29: WARNING: Citation [UQ_MCMC] is not referenced.
/opt/hostedtoolcache/Python/3.12.9/x64/lib/python3.12/site-packages/pyxu/operator/interop/jax.py:docstring of pyxu.operator.interop.jax._from_jax:: WARNING: py:class reference target not found: pyxu.operator.interop.jax.JaxArray
/opt/hostedtoolcache/Python/3.12.9/x64/lib/python3.12/site-packages/pyxu/operator/interop/jax.py:docstring of pyxu.operator.interop.jax._to_jax:: WARNING: py:class reference target not found: pyxu.operator.interop.jax.JaxArray
/opt/hostedtoolcache/Python/3.12.9/x64/lib/python3.12/site-packages/pyxu/operator/interop/torch.py:docstring of pyxu.operator.interop.torch.from_torch:33: WARNING: py:class reference target not found: -----
/opt/hostedtoolcache/Python/3.12.9/x64/lib/python3.12/site-packages/pyxu/operator/interop/torch.py:docstring of pyxu.operator.interop.torch.from_torch:34: WARNING: py:class reference target not found: * If provided
/opt/hostedtoolcache/Python/3.12.9/x64/lib/python3.12/site-packages/pyxu/operator/interop/torch.py:docstring of pyxu.operator.interop.torch.from_torch:34: WARNING: py:class reference target not found: arithmetic methods must abide exactly
/opt/hostedtoolcache/Python/3.12.9/x64/lib/python3.12/site-packages/pyxu/operator/interop/torch.py:docstring of pyxu.operator.interop.torch.from_torch:34: WARNING: py:class reference target not found: the interface below
/opt/hostedtoolcache/Python/3.12.9/x64/lib/python3.12/site-packages/pyxu/operator/interop/torch.py:docstring of pyxu.operator.interop.torch.from_torch:46: WARNING: py:class reference target not found: * Auto-vectorization consists in decorating `kwargs
/opt/hostedtoolcache/Python/3.12.9/x64/lib/python3.12/site-packages/pyxu/operator/interop/torch.py:docstring of pyxu.operator.interop.torch.from_torch:48: WARNING: py:class reference target not found: * Arithmetic methods are **not currently JIT-ed** even if `jit
/opt/hostedtoolcache/Python/3.12.9/x64/lib/python3.12/site-packages/pyxu/operator/interop/torch.py:docstring of pyxu.operator.interop.torch.from_torch:48: WARNING: py:class reference target not found: the
/opt/hostedtoolcache/Python/3.12.9/x64/lib/python3.12/site-packages/pyxu/operator/interop/torch.py:docstring of pyxu.operator.interop.torch.from_torch:50: WARNING: py:class reference target not found: * For :py:class:`~pyxu.abc.DiffMap
/opt/hostedtoolcache/Python/3.12.9/x64/lib/python3.12/site-packages/pyxu/operator/interop/torch.py:docstring of pyxu.operator.interop.torch.from_torch:50: WARNING: py:class reference target not found: the methods :py:meth:`~pyxu.abc.DiffMap.jacobian
/opt/hostedtoolcache/Python/3.12.9/x64/lib/python3.12/site-packages/pyxu/operator/interop/torch.py:docstring of pyxu.operator.interop.torch.from_torch:57: WARNING: py:class reference target not found: . Warning::
/opt/hostedtoolcache/Python/3.12.9/x64/lib/python3.12/site-packages/pyxu/operator/linop/pad.py:docstring of pyxu.operator.linop.pad.Pad.__init__:10: WARNING: py:class reference target not found: pyxu.operator.linop.pad.Pad.WidthSpec
/opt/hostedtoolcache/Python/3.12.9/x64/lib/python3.12/site-packages/pyxu/operator/linop/fft/czt.py:docstring of pyxu.operator.linop.fft.czt.CZT.__init__:6: WARNING: py:class reference target not found: list(int)
/opt/hostedtoolcache/Python/3.12.9/x64/lib/python3.12/site-packages/pyxu/operator/linop/fft/czt.py:docstring of pyxu.operator.linop.fft.czt.CZT.__init__:8: WARNING: py:class reference target not found: list(complex)
/opt/hostedtoolcache/Python/3.12.9/x64/lib/python3.12/site-packages/pyxu/operator/linop/fft/czt.py:docstring of pyxu.operator.linop.fft.czt.CZT.__init__:10: WARNING: py:class reference target not found: list(complex)
/opt/hostedtoolcache/Python/3.12.9/x64/lib/python3.12/site-packages/pyxu/operator/linop/filter.py:docstring of pyxu.operator.linop.filter.MovingAverage:30: WARNING: py:class reference target not found: pyxu.operator.linop.filter.IndexSpec
/opt/hostedtoolcache/Python/3.12.9/x64/lib/python3.12/site-packages/pyxu/operator/linop/filter.py:docstring of pyxu.operator.linop.filter.MovingAverage:76: WARNING: py:class reference target not found: pyxu.operator.GaussianFilter
/opt/hostedtoolcache/Python/3.12.9/x64/lib/python3.12/site-packages/pyxu/operator/linop/diff.py:docstring of pyxu.operator.linop.diff.Hessian:62: WARNING: py:class reference target not found: (Integer
/opt/hostedtoolcache/Python/3.12.9/x64/lib/python3.12/site-packages/pyxu/operator/linop/diff.py:docstring of pyxu.operator.linop.diff.Hessian:62: WARNING: py:class reference target not found: Integer)
/opt/hostedtoolcache/Python/3.12.9/x64/lib/python3.12/site-packages/pyxu/operator/linop/diff.py:docstring of pyxu.operator.linop.diff.Hessian:62: WARNING: py:class reference target not found: ((Integer
/opt/hostedtoolcache/Python/3.12.9/x64/lib/python3.12/site-packages/pyxu/operator/linop/diff.py:docstring of pyxu.operator.linop.diff.Hessian:62: WARNING: py:class reference target not found: Integer)
/opt/hostedtoolcache/Python/3.12.9/x64/lib/python3.12/site-packages/pyxu/operator/linop/diff.py:docstring of pyxu.operator.linop.diff.Hessian:62: WARNING: py:class reference target not found: (Integer
/opt/hostedtoolcache/Python/3.12.9/x64/lib/python3.12/site-packages/pyxu/operator/linop/diff.py:docstring of pyxu.operator.linop.diff.Hessian:62: WARNING: py:class reference target not found: Integer))
/home/runner/work/pyxu-org.github.io/pyxu-org.github.io/pyxu/doc/examples/contributing.ipynb:42: WARNING: Lexing literal_block '!pip install pyxu-gradient-descent' as "python" resulted in an error at token: '!'. Retrying in relaxed mode.
/home/runner/work/pyxu-org.github.io/pyxu-org.github.io/pyxu/doc/examples/index.rst:46: WARNING: toctree contains reference to document 'examples/images/index' that doesn't have a title: no link will be generated
/home/runner/work/pyxu-org.github.io/pyxu-org.github.io/pyxu/doc/examples/index.rst:46: WARNING: toctree contains reference to document 'examples/images/index' that doesn't have a title: no link will be generated
